{"/Users/otaeho/Documents/Node-lecture-inflearn/chapter9/controllers/user.js": {"path":"/Users/otaeho/Documents/Node-lecture-inflearn/chapter9/controllers/user.js","statementMap":{"0":{"start":{"line":1,"column":13},"end":{"line":1,"column":38}},"1":{"start":{"line":2,"column":19},"end":{"line":2,"column":46}},"2":{"start":{"line":4,"column":0},"end":{"line":24,"column":1}},"3":{"start":{"line":6,"column":4},"end":{"line":23,"column":5}},"4":{"start":{"line":14,"column":23},"end":{"line":14,"column":63}},"5":{"start":{"line":15,"column":8},"end":{"line":19,"column":9}},"6":{"start":{"line":16,"column":12},"end":{"line":16,"column":32}},"7":{"start":{"line":17,"column":15},"end":{"line":19,"column":9}},"8":{"start":{"line":18,"column":12},"end":{"line":18,"column":44}},"9":{"start":{"line":21,"column":8},"end":{"line":21,"column":29}},"10":{"start":{"line":22,"column":8},"end":{"line":22,"column":20}},"11":{"start":{"line":26,"column":0},"end":{"line":43,"column":1}},"12":{"start":{"line":27,"column":4},"end":{"line":42,"column":5}},"13":{"start":{"line":28,"column":21},"end":{"line":28,"column":117}},"14":{"start":{"line":29,"column":8},"end":{"line":38,"column":9}},"15":{"start":{"line":30,"column":12},"end":{"line":35,"column":13}},"16":{"start":{"line":31,"column":16},"end":{"line":31,"column":72}},"17":{"start":{"line":32,"column":16},"end":{"line":32,"column":36}},"18":{"start":{"line":34,"column":16},"end":{"line":34,"column":54}},"19":{"start":{"line":37,"column":12},"end":{"line":37,"column":44}},"20":{"start":{"line":40,"column":8},"end":{"line":40,"column":29}},"21":{"start":{"line":41,"column":8},"end":{"line":41,"column":20}}},"fnMap":{"0":{"name":"(anonymous_0)","decl":{"start":{"line":4,"column":17},"end":{"line":4,"column":18}},"loc":{"start":{"line":4,"column":43},"end":{"line":24,"column":1}},"line":4},"1":{"name":"(anonymous_1)","decl":{"start":{"line":26,"column":19},"end":{"line":26,"column":20}},"loc":{"start":{"line":26,"column":45},"end":{"line":43,"column":1}},"line":26}},"branchMap":{"0":{"loc":{"start":{"line":15,"column":8},"end":{"line":19,"column":9}},"type":"if","locations":[{"start":{"line":15,"column":8},"end":{"line":19,"column":9}},{"start":{"line":17,"column":15},"end":{"line":19,"column":9}}],"line":15},"1":{"loc":{"start":{"line":17,"column":15},"end":{"line":19,"column":9}},"type":"if","locations":[{"start":{"line":17,"column":15},"end":{"line":19,"column":9}},{"start":{},"end":{}}],"line":17},"2":{"loc":{"start":{"line":29,"column":8},"end":{"line":38,"column":9}},"type":"if","locations":[{"start":{"line":29,"column":8},"end":{"line":38,"column":9}},{"start":{"line":36,"column":15},"end":{"line":38,"column":9}}],"line":29},"3":{"loc":{"start":{"line":30,"column":12},"end":{"line":35,"column":13}},"type":"if","locations":[{"start":{"line":30,"column":12},"end":{"line":35,"column":13}},{"start":{"line":33,"column":19},"end":{"line":35,"column":13}}],"line":30},"4":{"loc":{"start":{"line":30,"column":15},"end":{"line":30,"column":87}},"type":"binary-expr","locations":[{"start":{"line":30,"column":15},"end":{"line":30,"column":30}},{"start":{"line":30,"column":34},"end":{"line":30,"column":87}}],"line":30}},"s":{"0":1,"1":1,"2":1,"3":3,"4":3,"5":2,"6":1,"7":1,"8":1,"9":1,"10":1,"11":1,"12":0,"13":0,"14":0,"15":0,"16":0,"17":0,"18":0,"19":0,"20":0,"21":0},"f":{"0":3,"1":0},"b":{"0":[1,1],"1":[1,0],"2":[0,0],"3":[0,0],"4":[0,0]},"_coverageSchema":"1a1c01bbd47fc00a2c39e90264f33305004495a9","hash":"6ce053bcb9736a9fdc6d399aada05d42b438a3f1"}
,"/Users/otaeho/Documents/Node-lecture-inflearn/chapter9/middlewares/index.js": {"path":"/Users/otaeho/Documents/Node-lecture-inflearn/chapter9/middlewares/index.js","statementMap":{"0":{"start":{"line":2,"column":0},"end":{"line":11,"column":2}},"1":{"start":{"line":4,"column":4},"end":{"line":10,"column":5}},"2":{"start":{"line":6,"column":8},"end":{"line":6,"column":15}},"3":{"start":{"line":9,"column":8},"end":{"line":9,"column":39}},"4":{"start":{"line":14,"column":0},"end":{"line":25,"column":1}},"5":{"start":{"line":15,"column":4},"end":{"line":24,"column":5}},"6":{"start":{"line":17,"column":8},"end":{"line":17,"column":15}},"7":{"start":{"line":20,"column":24},"end":{"line":20,"column":57}},"8":{"start":{"line":23,"column":8},"end":{"line":23,"column":43}}},"fnMap":{"0":{"name":"(anonymous_0)","decl":{"start":{"line":2,"column":21},"end":{"line":2,"column":22}},"loc":{"start":{"line":2,"column":41},"end":{"line":11,"column":1}},"line":2},"1":{"name":"(anonymous_1)","decl":{"start":{"line":14,"column":24},"end":{"line":14,"column":25}},"loc":{"start":{"line":14,"column":44},"end":{"line":25,"column":1}},"line":14}},"branchMap":{"0":{"loc":{"start":{"line":4,"column":4},"end":{"line":10,"column":5}},"type":"if","locations":[{"start":{"line":4,"column":4},"end":{"line":10,"column":5}},{"start":{"line":7,"column":11},"end":{"line":10,"column":5}}],"line":4},"1":{"loc":{"start":{"line":15,"column":4},"end":{"line":24,"column":5}},"type":"if","locations":[{"start":{"line":15,"column":4},"end":{"line":24,"column":5}},{"start":{"line":18,"column":11},"end":{"line":24,"column":5}}],"line":15}},"s":{"0":1,"1":2,"2":1,"3":1,"4":1,"5":2,"6":1,"7":1,"8":1},"f":{"0":2,"1":2},"b":{"0":[1,1],"1":[1,1]},"_coverageSchema":"1a1c01bbd47fc00a2c39e90264f33305004495a9","hash":"5aee063b865ba77ad8979bb4235be8790c16d448"}
,"/Users/otaeho/Documents/Node-lecture-inflearn/chapter9/models/user.js": {"path":"/Users/otaeho/Documents/Node-lecture-inflearn/chapter9/models/user.js","statementMap":{"0":{"start":{"line":1,"column":18},"end":{"line":1,"column":38}},"1":{"start":{"line":5,"column":8},"end":{"line":51,"column":10}},"2":{"start":{"line":56,"column":8},"end":{"line":56,"column":33}},"3":{"start":{"line":61,"column":8},"end":{"line":70,"column":10}},"4":{"start":{"line":71,"column":8},"end":{"line":75,"column":10}},"5":{"start":{"line":79,"column":0},"end":{"line":79,"column":22}}},"fnMap":{"0":{"name":"(anonymous_0)","decl":{"start":{"line":4,"column":4},"end":{"line":4,"column":5}},"loc":{"start":{"line":4,"column":31},"end":{"line":52,"column":5}},"line":4},"1":{"name":"(anonymous_1)","decl":{"start":{"line":54,"column":4},"end":{"line":54,"column":5}},"loc":{"start":{"line":54,"column":25},"end":{"line":76,"column":5}},"line":54}},"branchMap":{},"s":{"0":4,"1":1,"2":1,"3":1,"4":1,"5":4},"f":{"0":1,"1":1},"b":{},"_coverageSchema":"1a1c01bbd47fc00a2c39e90264f33305004495a9","hash":"8197bc8c87c79bd60b691ae78db9f448ab2e5f9e"}
,"/Users/otaeho/Documents/Node-lecture-inflearn/chapter9/services/user.js": {"path":"/Users/otaeho/Documents/Node-lecture-inflearn/chapter9/services/user.js","statementMap":{"0":{"start":{"line":1,"column":13},"end":{"line":1,"column":38}},"1":{"start":{"line":3,"column":0},"end":{"line":11,"column":1}},"2":{"start":{"line":4,"column":17},"end":{"line":4,"column":61}},"3":{"start":{"line":5,"column":4},"end":{"line":10,"column":5}},"4":{"start":{"line":6,"column":8},"end":{"line":6,"column":59}},"5":{"start":{"line":7,"column":8},"end":{"line":7,"column":20}},"6":{"start":{"line":9,"column":8},"end":{"line":9,"column":25}}},"fnMap":{"0":{"name":"(anonymous_0)","decl":{"start":{"line":3,"column":17},"end":{"line":3,"column":18}},"loc":{"start":{"line":3,"column":48},"end":{"line":11,"column":1}},"line":3}},"branchMap":{"0":{"loc":{"start":{"line":5,"column":4},"end":{"line":10,"column":5}},"type":"if","locations":[{"start":{"line":5,"column":4},"end":{"line":10,"column":5}},{"start":{"line":8,"column":11},"end":{"line":10,"column":5}}],"line":5}},"s":{"0":2,"1":2,"2":3,"3":2,"4":1,"5":1,"6":1},"f":{"0":3},"b":{"0":[1,1]},"_coverageSchema":"1a1c01bbd47fc00a2c39e90264f33305004495a9","hash":"4bd72c667802f79bff43699a1ea09be27fa5e6d0"}
}
