TN:
SF:controllers/user.ts
FN:4,(anonymous_0)
FN:26,(anonymous_1)
FNF:2
FNH:1
FNDA:3,(anonymous_0)
FNDA:0,(anonymous_1)
DA:1,1
DA:2,1
DA:4,1
DA:6,3
DA:14,3
DA:15,2
DA:16,1
DA:17,1
DA:18,1
DA:21,1
DA:22,1
DA:26,1
DA:27,0
DA:28,0
DA:29,0
DA:30,0
DA:31,0
DA:32,0
DA:34,0
DA:37,0
DA:40,0
DA:41,0
LF:22
LH:12
BRDA:15,0,0,1
BRDA:15,0,1,1
BRDA:17,1,0,1
BRDA:17,1,1,0
BRDA:29,2,0,0
BRDA:29,2,1,0
BRDA:30,3,0,0
BRDA:30,3,1,0
BRDA:30,4,0,0
BRDA:30,4,1,0
BRF:10
BRH:3
end_of_record
TN:
SF:middlewares/index.ts
FN:2,(anonymous_0)
FN:14,(anonymous_1)
FNF:2
FNH:2
FNDA:2,(anonymous_0)
FNDA:2,(anonymous_1)
DA:2,1
DA:4,2
DA:6,1
DA:9,1
DA:14,1
DA:15,2
DA:17,1
DA:20,1
DA:23,1
LF:9
LH:9
BRDA:4,0,0,1
BRDA:4,0,1,1
BRDA:15,1,0,1
BRDA:15,1,1,1
BRF:4
BRH:4
end_of_record
TN:
SF:models/user.ts
FN:4,(anonymous_0)
FN:54,(anonymous_1)
FNF:2
FNH:2
FNDA:1,(anonymous_0)
FNDA:1,(anonymous_1)
DA:1,4
DA:5,1
DA:56,1
DA:61,1
DA:71,1
DA:79,4
LF:6
LH:6
BRF:0
BRH:0
end_of_record
TN:
SF:services/user.ts
FN:3,(anonymous_0)
FNF:1
FNH:1
FNDA:3,(anonymous_0)
DA:1,2
DA:3,2
DA:4,3
DA:5,2
DA:6,1
DA:7,1
DA:9,1
LF:7
LH:7
BRDA:5,0,0,1
BRDA:5,0,1,1
BRF:2
BRH:2
end_of_record
